have_header: checking for sqlite3.h... -------------------- yes

"/usr/local/bin/gcc-4.2 -o conftest -I/Users/tomkiefhaber/.rbenv/versions/1.9.3-p327/include/ruby-1.9.1/x86_64-darwin12.3.0 -I/Users/tomkiefhaber/.rbenv/versions/1.9.3-p327/include/ruby-1.9.1/ruby/backward -I/Users/tomkiefhaber/.rbenv/versions/1.9.3-p327/include/ruby-1.9.1 -I. -I/usr/local/include -I/opt/local/include -I/usr/include -I'/Users/tomkiefhaber/.rbenv/versions/1.9.3-p327/include'  -D_XOPEN_SOURCE -D_DARWIN_C_SOURCE  -I'/Users/tomkiefhaber/.rbenv/versions/1.9.3-p327/include'   -O3 -ggdb -Wall -Wextra -Wno-unused-parameter -Wno-parentheses -Wno-long-long -Wno-missing-field-initializers -Wpointer-arith -Wwrite-strings -Wdeclaration-after-statement -Wshorten-64-to-32 -Wimplicit-function-declaration  -pipe -Wall  -DHAVE_NO_DATETIME_NEWBANG conftest.c  -L. -L/Users/tomkiefhaber/.rbenv/versions/1.9.3-p327/lib -L/usr/local/lib -L/opt/local/lib -L/usr/lib -L. -L'/Users/tomkiefhaber/.rbenv/versions/1.9.3-p327/lib'  -L/usr/local/lib     -lruby-static  -lpthread -ldl -lobjc "
ld: warning: directory not found for option '-L/opt/local/lib'
checked program was:
/* begin */
1: #include "ruby.h"
2: 
3: int main() {return 0;}
/* end */

"/usr/local/bin/gcc-4.2 -E -I/Users/tomkiefhaber/.rbenv/versions/1.9.3-p327/include/ruby-1.9.1/x86_64-darwin12.3.0 -I/Users/tomkiefhaber/.rbenv/versions/1.9.3-p327/include/ruby-1.9.1/ruby/backward -I/Users/tomkiefhaber/.rbenv/versions/1.9.3-p327/include/ruby-1.9.1 -I. -I/usr/local/include -I/opt/local/include -I/usr/include -I'/Users/tomkiefhaber/.rbenv/versions/1.9.3-p327/include'  -D_XOPEN_SOURCE -D_DARWIN_C_SOURCE  -I'/Users/tomkiefhaber/.rbenv/versions/1.9.3-p327/include'   -O3 -ggdb -Wall -Wextra -Wno-unused-parameter -Wno-parentheses -Wno-long-long -Wno-missing-field-initializers -Wpointer-arith -Wwrite-strings -Wdeclaration-after-statement -Wshorten-64-to-32 -Wimplicit-function-declaration  -pipe -Wall  -DHAVE_NO_DATETIME_NEWBANG  conftest.c -o conftest.i"
checked program was:
/* begin */
1: #include "ruby.h"
2: 
3: #include <sqlite3.h>
/* end */

--------------------

have_library: checking for sqlite3_open() in -lsqlite3... -------------------- yes

"/usr/local/bin/gcc-4.2 -o conftest -I/Users/tomkiefhaber/.rbenv/versions/1.9.3-p327/include/ruby-1.9.1/x86_64-darwin12.3.0 -I/Users/tomkiefhaber/.rbenv/versions/1.9.3-p327/include/ruby-1.9.1/ruby/backward -I/Users/tomkiefhaber/.rbenv/versions/1.9.3-p327/include/ruby-1.9.1 -I. -I/usr/local/include -I/opt/local/include -I/usr/include -I'/Users/tomkiefhaber/.rbenv/versions/1.9.3-p327/include'  -D_XOPEN_SOURCE -D_DARWIN_C_SOURCE  -I'/Users/tomkiefhaber/.rbenv/versions/1.9.3-p327/include'   -O3 -ggdb -Wall -Wextra -Wno-unused-parameter -Wno-parentheses -Wno-long-long -Wno-missing-field-initializers -Wpointer-arith -Wwrite-strings -Wdeclaration-after-statement -Wshorten-64-to-32 -Wimplicit-function-declaration  -pipe -Wall  -DHAVE_NO_DATETIME_NEWBANG conftest.c  -L. -L/Users/tomkiefhaber/.rbenv/versions/1.9.3-p327/lib -L/usr/local/lib -L/opt/local/lib -L/usr/lib -L. -L'/Users/tomkiefhaber/.rbenv/versions/1.9.3-p327/lib'  -L/usr/local/lib     -lruby-static -lsqlite3  -lpthread -ldl -lobjc "
conftest.c: In function ‘t’:
conftest.c:5: error: ‘sqlite3_open’ undeclared (first use in this function)
conftest.c:5: error: (Each undeclared identifier is reported only once
conftest.c:5: error: for each function it appears in.)
checked program was:
/* begin */
1: #include "ruby.h"
2: 
3: /*top*/
4: int main() {return 0;}
5: int t() { void ((*volatile p)()); p = (void ((*)()))sqlite3_open; return 0; }
/* end */

"/usr/local/bin/gcc-4.2 -o conftest -I/Users/tomkiefhaber/.rbenv/versions/1.9.3-p327/include/ruby-1.9.1/x86_64-darwin12.3.0 -I/Users/tomkiefhaber/.rbenv/versions/1.9.3-p327/include/ruby-1.9.1/ruby/backward -I/Users/tomkiefhaber/.rbenv/versions/1.9.3-p327/include/ruby-1.9.1 -I. -I/usr/local/include -I/opt/local/include -I/usr/include -I'/Users/tomkiefhaber/.rbenv/versions/1.9.3-p327/include'  -D_XOPEN_SOURCE -D_DARWIN_C_SOURCE  -I'/Users/tomkiefhaber/.rbenv/versions/1.9.3-p327/include'   -O3 -ggdb -Wall -Wextra -Wno-unused-parameter -Wno-parentheses -Wno-long-long -Wno-missing-field-initializers -Wpointer-arith -Wwrite-strings -Wdeclaration-after-statement -Wshorten-64-to-32 -Wimplicit-function-declaration  -pipe -Wall  -DHAVE_NO_DATETIME_NEWBANG conftest.c  -L. -L/Users/tomkiefhaber/.rbenv/versions/1.9.3-p327/lib -L/usr/local/lib -L/opt/local/lib -L/usr/lib -L. -L'/Users/tomkiefhaber/.rbenv/versions/1.9.3-p327/lib'  -L/usr/local/lib     -lruby-static -lsqlite3  -lpthread -ldl -lobjc "
conftest.c: In function ‘t’:
conftest.c:5: warning: implicit declaration of function ‘sqlite3_open’
ld: warning: directory not found for option '-L/opt/local/lib'
checked program was:
/* begin */
1: #include "ruby.h"
2: 
3: /*top*/
4: int main() {return 0;}
5: int t() { sqlite3_open(); return 0; }
/* end */

--------------------

have_func: checking for localtime_r()... -------------------- yes

"/usr/local/bin/gcc-4.2 -o conftest -I/Users/tomkiefhaber/.rbenv/versions/1.9.3-p327/include/ruby-1.9.1/x86_64-darwin12.3.0 -I/Users/tomkiefhaber/.rbenv/versions/1.9.3-p327/include/ruby-1.9.1/ruby/backward -I/Users/tomkiefhaber/.rbenv/versions/1.9.3-p327/include/ruby-1.9.1 -I. -I/usr/local/include -I/opt/local/include -I/usr/include -I'/Users/tomkiefhaber/.rbenv/versions/1.9.3-p327/include'  -D_XOPEN_SOURCE -D_DARWIN_C_SOURCE  -I'/Users/tomkiefhaber/.rbenv/versions/1.9.3-p327/include'   -O3 -ggdb -Wall -Wextra -Wno-unused-parameter -Wno-parentheses -Wno-long-long -Wno-missing-field-initializers -Wpointer-arith -Wwrite-strings -Wdeclaration-after-statement -Wshorten-64-to-32 -Wimplicit-function-declaration  -pipe -Wall  -DHAVE_NO_DATETIME_NEWBANG conftest.c  -L. -L/Users/tomkiefhaber/.rbenv/versions/1.9.3-p327/lib -L/usr/local/lib -L/opt/local/lib -L/usr/lib -L. -L'/Users/tomkiefhaber/.rbenv/versions/1.9.3-p327/lib'  -L/usr/local/lib    -lsqlite3  -lruby-static -lsqlite3  -lpthread -ldl -lobjc "
ld: warning: directory not found for option '-L/opt/local/lib'
checked program was:
/* begin */
1: #include "ruby.h"
2: 
3: /*top*/
4: int main() {return 0;}
5: int t() { void ((*volatile p)()); p = (void ((*)()))localtime_r; return 0; }
/* end */

--------------------

have_func: checking for gmtime_r()... -------------------- yes

"/usr/local/bin/gcc-4.2 -o conftest -I/Users/tomkiefhaber/.rbenv/versions/1.9.3-p327/include/ruby-1.9.1/x86_64-darwin12.3.0 -I/Users/tomkiefhaber/.rbenv/versions/1.9.3-p327/include/ruby-1.9.1/ruby/backward -I/Users/tomkiefhaber/.rbenv/versions/1.9.3-p327/include/ruby-1.9.1 -I. -I/usr/local/include -I/opt/local/include -I/usr/include -I'/Users/tomkiefhaber/.rbenv/versions/1.9.3-p327/include'  -D_XOPEN_SOURCE -D_DARWIN_C_SOURCE  -I'/Users/tomkiefhaber/.rbenv/versions/1.9.3-p327/include'   -O3 -ggdb -Wall -Wextra -Wno-unused-parameter -Wno-parentheses -Wno-long-long -Wno-missing-field-initializers -Wpointer-arith -Wwrite-strings -Wdeclaration-after-statement -Wshorten-64-to-32 -Wimplicit-function-declaration  -pipe -Wall  -DHAVE_NO_DATETIME_NEWBANG conftest.c  -L. -L/Users/tomkiefhaber/.rbenv/versions/1.9.3-p327/lib -L/usr/local/lib -L/opt/local/lib -L/usr/lib -L. -L'/Users/tomkiefhaber/.rbenv/versions/1.9.3-p327/lib'  -L/usr/local/lib    -lsqlite3  -lruby-static -lsqlite3  -lpthread -ldl -lobjc "
ld: warning: directory not found for option '-L/opt/local/lib'
checked program was:
/* begin */
1: #include "ruby.h"
2: 
3: /*top*/
4: int main() {return 0;}
5: int t() { void ((*volatile p)()); p = (void ((*)()))gmtime_r; return 0; }
/* end */

--------------------

have_func: checking for sqlite3_prepare_v2()... -------------------- yes

"/usr/local/bin/gcc-4.2 -o conftest -I/Users/tomkiefhaber/.rbenv/versions/1.9.3-p327/include/ruby-1.9.1/x86_64-darwin12.3.0 -I/Users/tomkiefhaber/.rbenv/versions/1.9.3-p327/include/ruby-1.9.1/ruby/backward -I/Users/tomkiefhaber/.rbenv/versions/1.9.3-p327/include/ruby-1.9.1 -I. -I/usr/local/include -I/opt/local/include -I/usr/include -I'/Users/tomkiefhaber/.rbenv/versions/1.9.3-p327/include'  -D_XOPEN_SOURCE -D_DARWIN_C_SOURCE  -I'/Users/tomkiefhaber/.rbenv/versions/1.9.3-p327/include'   -O3 -ggdb -Wall -Wextra -Wno-unused-parameter -Wno-parentheses -Wno-long-long -Wno-missing-field-initializers -Wpointer-arith -Wwrite-strings -Wdeclaration-after-statement -Wshorten-64-to-32 -Wimplicit-function-declaration  -pipe -Wall  -DHAVE_NO_DATETIME_NEWBANG conftest.c  -L. -L/Users/tomkiefhaber/.rbenv/versions/1.9.3-p327/lib -L/usr/local/lib -L/opt/local/lib -L/usr/lib -L. -L'/Users/tomkiefhaber/.rbenv/versions/1.9.3-p327/lib'  -L/usr/local/lib    -lsqlite3  -lruby-static -lsqlite3  -lpthread -ldl -lobjc "
conftest.c: In function ‘t’:
conftest.c:5: error: ‘sqlite3_prepare_v2’ undeclared (first use in this function)
conftest.c:5: error: (Each undeclared identifier is reported only once
conftest.c:5: error: for each function it appears in.)
checked program was:
/* begin */
1: #include "ruby.h"
2: 
3: /*top*/
4: int main() {return 0;}
5: int t() { void ((*volatile p)()); p = (void ((*)()))sqlite3_prepare_v2; return 0; }
/* end */

"/usr/local/bin/gcc-4.2 -o conftest -I/Users/tomkiefhaber/.rbenv/versions/1.9.3-p327/include/ruby-1.9.1/x86_64-darwin12.3.0 -I/Users/tomkiefhaber/.rbenv/versions/1.9.3-p327/include/ruby-1.9.1/ruby/backward -I/Users/tomkiefhaber/.rbenv/versions/1.9.3-p327/include/ruby-1.9.1 -I. -I/usr/local/include -I/opt/local/include -I/usr/include -I'/Users/tomkiefhaber/.rbenv/versions/1.9.3-p327/include'  -D_XOPEN_SOURCE -D_DARWIN_C_SOURCE  -I'/Users/tomkiefhaber/.rbenv/versions/1.9.3-p327/include'   -O3 -ggdb -Wall -Wextra -Wno-unused-parameter -Wno-parentheses -Wno-long-long -Wno-missing-field-initializers -Wpointer-arith -Wwrite-strings -Wdeclaration-after-statement -Wshorten-64-to-32 -Wimplicit-function-declaration  -pipe -Wall  -DHAVE_NO_DATETIME_NEWBANG conftest.c  -L. -L/Users/tomkiefhaber/.rbenv/versions/1.9.3-p327/lib -L/usr/local/lib -L/opt/local/lib -L/usr/lib -L. -L'/Users/tomkiefhaber/.rbenv/versions/1.9.3-p327/lib'  -L/usr/local/lib    -lsqlite3  -lruby-static -lsqlite3  -lpthread -ldl -lobjc "
conftest.c: In function ‘t’:
conftest.c:5: warning: implicit declaration of function ‘sqlite3_prepare_v2’
ld: warning: directory not found for option '-L/opt/local/lib'
checked program was:
/* begin */
1: #include "ruby.h"
2: 
3: /*top*/
4: int main() {return 0;}
5: int t() { sqlite3_prepare_v2(); return 0; }
/* end */

--------------------

have_func: checking for sqlite3_open_v2()... -------------------- yes

"/usr/local/bin/gcc-4.2 -o conftest -I/Users/tomkiefhaber/.rbenv/versions/1.9.3-p327/include/ruby-1.9.1/x86_64-darwin12.3.0 -I/Users/tomkiefhaber/.rbenv/versions/1.9.3-p327/include/ruby-1.9.1/ruby/backward -I/Users/tomkiefhaber/.rbenv/versions/1.9.3-p327/include/ruby-1.9.1 -I. -I/usr/local/include -I/opt/local/include -I/usr/include -I'/Users/tomkiefhaber/.rbenv/versions/1.9.3-p327/include'  -D_XOPEN_SOURCE -D_DARWIN_C_SOURCE  -I'/Users/tomkiefhaber/.rbenv/versions/1.9.3-p327/include'   -O3 -ggdb -Wall -Wextra -Wno-unused-parameter -Wno-parentheses -Wno-long-long -Wno-missing-field-initializers -Wpointer-arith -Wwrite-strings -Wdeclaration-after-statement -Wshorten-64-to-32 -Wimplicit-function-declaration  -pipe -Wall  -DHAVE_NO_DATETIME_NEWBANG conftest.c  -L. -L/Users/tomkiefhaber/.rbenv/versions/1.9.3-p327/lib -L/usr/local/lib -L/opt/local/lib -L/usr/lib -L. -L'/Users/tomkiefhaber/.rbenv/versions/1.9.3-p327/lib'  -L/usr/local/lib    -lsqlite3  -lruby-static -lsqlite3  -lpthread -ldl -lobjc "
conftest.c: In function ‘t’:
conftest.c:5: error: ‘sqlite3_open_v2’ undeclared (first use in this function)
conftest.c:5: error: (Each undeclared identifier is reported only once
conftest.c:5: error: for each function it appears in.)
checked program was:
/* begin */
1: #include "ruby.h"
2: 
3: /*top*/
4: int main() {return 0;}
5: int t() { void ((*volatile p)()); p = (void ((*)()))sqlite3_open_v2; return 0; }
/* end */

"/usr/local/bin/gcc-4.2 -o conftest -I/Users/tomkiefhaber/.rbenv/versions/1.9.3-p327/include/ruby-1.9.1/x86_64-darwin12.3.0 -I/Users/tomkiefhaber/.rbenv/versions/1.9.3-p327/include/ruby-1.9.1/ruby/backward -I/Users/tomkiefhaber/.rbenv/versions/1.9.3-p327/include/ruby-1.9.1 -I. -I/usr/local/include -I/opt/local/include -I/usr/include -I'/Users/tomkiefhaber/.rbenv/versions/1.9.3-p327/include'  -D_XOPEN_SOURCE -D_DARWIN_C_SOURCE  -I'/Users/tomkiefhaber/.rbenv/versions/1.9.3-p327/include'   -O3 -ggdb -Wall -Wextra -Wno-unused-parameter -Wno-parentheses -Wno-long-long -Wno-missing-field-initializers -Wpointer-arith -Wwrite-strings -Wdeclaration-after-statement -Wshorten-64-to-32 -Wimplicit-function-declaration  -pipe -Wall  -DHAVE_NO_DATETIME_NEWBANG conftest.c  -L. -L/Users/tomkiefhaber/.rbenv/versions/1.9.3-p327/lib -L/usr/local/lib -L/opt/local/lib -L/usr/lib -L. -L'/Users/tomkiefhaber/.rbenv/versions/1.9.3-p327/lib'  -L/usr/local/lib    -lsqlite3  -lruby-static -lsqlite3  -lpthread -ldl -lobjc "
conftest.c: In function ‘t’:
conftest.c:5: warning: implicit declaration of function ‘sqlite3_open_v2’
ld: warning: directory not found for option '-L/opt/local/lib'
checked program was:
/* begin */
1: #include "ruby.h"
2: 
3: /*top*/
4: int main() {return 0;}
5: int t() { sqlite3_open_v2(); return 0; }
/* end */

--------------------

have_func: checking for sqlite3_enable_load_extension()... -------------------- yes

"/usr/local/bin/gcc-4.2 -o conftest -I/Users/tomkiefhaber/.rbenv/versions/1.9.3-p327/include/ruby-1.9.1/x86_64-darwin12.3.0 -I/Users/tomkiefhaber/.rbenv/versions/1.9.3-p327/include/ruby-1.9.1/ruby/backward -I/Users/tomkiefhaber/.rbenv/versions/1.9.3-p327/include/ruby-1.9.1 -I. -I/usr/local/include -I/opt/local/include -I/usr/include -I'/Users/tomkiefhaber/.rbenv/versions/1.9.3-p327/include'  -D_XOPEN_SOURCE -D_DARWIN_C_SOURCE  -I'/Users/tomkiefhaber/.rbenv/versions/1.9.3-p327/include'   -O3 -ggdb -Wall -Wextra -Wno-unused-parameter -Wno-parentheses -Wno-long-long -Wno-missing-field-initializers -Wpointer-arith -Wwrite-strings -Wdeclaration-after-statement -Wshorten-64-to-32 -Wimplicit-function-declaration  -pipe -Wall  -DHAVE_NO_DATETIME_NEWBANG conftest.c  -L. -L/Users/tomkiefhaber/.rbenv/versions/1.9.3-p327/lib -L/usr/local/lib -L/opt/local/lib -L/usr/lib -L. -L'/Users/tomkiefhaber/.rbenv/versions/1.9.3-p327/lib'  -L/usr/local/lib    -lsqlite3  -lruby-static -lsqlite3  -lpthread -ldl -lobjc "
conftest.c: In function ‘t’:
conftest.c:5: error: ‘sqlite3_enable_load_extension’ undeclared (first use in this function)
conftest.c:5: error: (Each undeclared identifier is reported only once
conftest.c:5: error: for each function it appears in.)
checked program was:
/* begin */
1: #include "ruby.h"
2: 
3: /*top*/
4: int main() {return 0;}
5: int t() { void ((*volatile p)()); p = (void ((*)()))sqlite3_enable_load_extension; return 0; }
/* end */

"/usr/local/bin/gcc-4.2 -o conftest -I/Users/tomkiefhaber/.rbenv/versions/1.9.3-p327/include/ruby-1.9.1/x86_64-darwin12.3.0 -I/Users/tomkiefhaber/.rbenv/versions/1.9.3-p327/include/ruby-1.9.1/ruby/backward -I/Users/tomkiefhaber/.rbenv/versions/1.9.3-p327/include/ruby-1.9.1 -I. -I/usr/local/include -I/opt/local/include -I/usr/include -I'/Users/tomkiefhaber/.rbenv/versions/1.9.3-p327/include'  -D_XOPEN_SOURCE -D_DARWIN_C_SOURCE  -I'/Users/tomkiefhaber/.rbenv/versions/1.9.3-p327/include'   -O3 -ggdb -Wall -Wextra -Wno-unused-parameter -Wno-parentheses -Wno-long-long -Wno-missing-field-initializers -Wpointer-arith -Wwrite-strings -Wdeclaration-after-statement -Wshorten-64-to-32 -Wimplicit-function-declaration  -pipe -Wall  -DHAVE_NO_DATETIME_NEWBANG conftest.c  -L. -L/Users/tomkiefhaber/.rbenv/versions/1.9.3-p327/lib -L/usr/local/lib -L/opt/local/lib -L/usr/lib -L. -L'/Users/tomkiefhaber/.rbenv/versions/1.9.3-p327/lib'  -L/usr/local/lib    -lsqlite3  -lruby-static -lsqlite3  -lpthread -ldl -lobjc "
conftest.c: In function ‘t’:
conftest.c:5: warning: implicit declaration of function ‘sqlite3_enable_load_extension’
ld: warning: directory not found for option '-L/opt/local/lib'
checked program was:
/* begin */
1: #include "ruby.h"
2: 
3: /*top*/
4: int main() {return 0;}
5: int t() { sqlite3_enable_load_extension(); return 0; }
/* end */

--------------------

